[debug] [2021-08-04T15:40:53.845Z] ----------------------------------------------------------------------
[debug] [2021-08-04T15:40:53.862Z] Command:       /usr/local/bin/node /usr/local/bin/firebase --project=pickup-774f9 emulators:start --import=./data --export-on-exit
[debug] [2021-08-04T15:40:53.862Z] CLI Version:   9.16.0
[debug] [2021-08-04T15:40:53.863Z] Platform:      linux
[debug] [2021-08-04T15:40:53.863Z] Node Version:  v12.22.3
[debug] [2021-08-04T15:40:53.863Z] Time:          Wed Aug 04 2021 15:40:53 GMT+0000 (Coordinated Universal Time)
[debug] [2021-08-04T15:40:53.863Z] ----------------------------------------------------------------------
[debug] 
[debug] [2021-08-04T15:40:54.100Z] > command requires scopes: ["email","openid","https://www.googleapis.com/auth/cloudplatformprojects.readonly","https://www.googleapis.com/auth/firebase","https://www.googleapis.com/auth/cloud-platform"]
[debug] Failed to authenticate, have you run firebase login?
[warn] ⚠  emulators: You are not currently authenticated so some features may not work correctly. Please run firebase login to authenticate the CLI. 
[info] i  emulators: Starting emulators: auth, storage {"metadata":{"emulator":{"name":"hub"},"message":"Starting emulators: auth, storage"}}
[debug] [2021-08-04T15:40:54.280Z] [hub] writing locator at /tmp/hub-pickup-774f9.json
[warn] ⚠  emulators: Could not find import/export metadata file, skipping data import! {"metadata":{"emulator":{"name":"hub"},"message":"Could not find import/export metadata file, \u001b[1mskipping data import!\u001b[22m"}}
[debug] [2021-08-04T15:41:01.082Z] Ignoring unsupported arg: port {"metadata":{"emulator":{"name":"storage"},"message":"Ignoring unsupported arg: port"}}
[debug] [2021-08-04T15:41:01.510Z] Temp file directory for storage emulator: /tmp/firebase/storage/blobs {"metadata":{"emulator":{"name":"storage"},"message":"Temp file directory for storage emulator: /tmp/firebase/storage/blobs"}}
[debug] [2021-08-04T15:41:03.781Z] Ignoring unsupported arg: auto_download {"metadata":{"emulator":{"name":"ui"},"message":"Ignoring unsupported arg: auto_download"}}
[debug] [2021-08-04T15:41:03.781Z] Ignoring unsupported arg: port {"metadata":{"emulator":{"name":"ui"},"message":"Ignoring unsupported arg: port"}}
[debug] [2021-08-04T15:41:03.782Z] Starting Emulator UI with command {"binary":"node","args":["/root/.cache/firebase/emulators/ui-v1.6.0/server.bundle.js"],"optionalArgs":[],"joinArgs":false} {"metadata":{"emulator":{"name":"ui"},"message":"Starting Emulator UI with command {\"binary\":\"node\",\"args\":[\"/root/.cache/firebase/emulators/ui-v1.6.0/server.bundle.js\"],\"optionalArgs\":[],\"joinArgs\":false}"}}
[info] i  ui: Emulator UI logging to ui-debug.log {"metadata":{"emulator":{"name":"ui"},"message":"Emulator UI logging to \u001b[1mui-debug.log\u001b[22m"}}
[debug] [2021-08-04T15:41:04.017Z] Web / API server started at 0.0.0.0:4000
 {"metadata":{"emulator":{"name":"ui"},"message":"Web / API server started at 0.0.0.0:4000\n"}}
[info] 
┌─────────────────────────────────────────────────────────────┐
│ ✔  All emulators ready! It is now safe to connect your app. │
│ i  View Emulator UI at http://0.0.0.0:4000                  │
└─────────────────────────────────────────────────────────────┘

┌────────────────┬──────────────┬─────────────────────────────┐
│ Emulator       │ Host:Port    │ View in Emulator UI         │
├────────────────┼──────────────┼─────────────────────────────┤
│ Authentication │ 0.0.0.0:9099 │ http://0.0.0.0:4000/auth    │
├────────────────┼──────────────┼─────────────────────────────┤
│ Storage        │ 0.0.0.0:9199 │ http://0.0.0.0:4000/storage │
└────────────────┴──────────────┴─────────────────────────────┘
  Emulator Hub running at localhost:4400
  Other reserved ports: 4500

Issues? Report them at https://github.com/firebase/firebase-tools/issues and attach the *-debug.log files.
 
